{
  "stats": {
    "suites": 0,
    "tests": 2,
    "passes": 2,
    "pending": 0,
    "failures": 0,
    "start": "2022-09-21T00:55:10.141Z",
    "end": "2022-09-21T00:55:28.406Z",
    "duration": 18265,
    "testsRegistered": 2,
    "passPercent": 100,
    "pendingPercent": 0,
    "other": 0,
    "hasOther": false,
    "skipped": 0,
    "hasSkipped": false
  },
  "results": [
    {
      "uuid": "e53e6ffb-df60-4c92-9b43-991cb70338f6",
      "title": "",
      "fullFile": "cypress/integration/GoogleSearch.ts",
      "file": "cypress/integration/GoogleSearch.ts",
      "beforeHooks": [],
      "afterHooks": [],
      "tests": [
        {
          "title": "Google Search with Text",
          "fullTitle": "Google Search with Text",
          "timedOut": null,
          "duration": 9924,
          "state": "passed",
          "speed": "slow",
          "pass": true,
          "fail": false,
          "pending": false,
          "context": null,
          "code": "cy.log('First Google test started...');\ncy.visit('https://www.google.com');\ncy.get('.gLFyf').type('cypress {enter}');\ncy.log('First google test ended...');",
          "err": {},
          "uuid": "e18930de-6fdd-4e0b-9943-8d906840ab96",
          "parentUUID": "e53e6ffb-df60-4c92-9b43-991cb70338f6",
          "isHook": false,
          "skipped": false
        },
        {
          "title": "Google Search 2nd test",
          "fullTitle": "Google Search 2nd test",
          "timedOut": null,
          "duration": 6743,
          "state": "passed",
          "speed": "slow",
          "pass": true,
          "fail": false,
          "pending": false,
          "context": null,
          "code": "cy.log('Seconf google test started...');\ncy.visit('https://www.google.com');\ncy.get('.gLFyf').type('cypress {enter}');\ncy.log('Second google test finished');",
          "err": {},
          "uuid": "7ecbd929-d28f-4fb0-a453-236915d5f246",
          "parentUUID": "e53e6ffb-df60-4c92-9b43-991cb70338f6",
          "isHook": false,
          "skipped": false
        }
      ],
      "suites": [],
      "passes": [
        "e18930de-6fdd-4e0b-9943-8d906840ab96",
        "7ecbd929-d28f-4fb0-a453-236915d5f246"
      ],
      "failures": [],
      "pending": [],
      "skipped": [],
      "duration": 16667,
      "root": true,
      "rootEmpty": false,
      "_timeout": 2000
    }
  ],
  "meta": {
    "mocha": {
      "version": "7.0.1"
    },
    "mochawesome": {
      "options": {
        "quiet": false,
        "reportFilename": "mochawesome",
        "saveHtml": false,
        "saveJson": true,
        "consoleReporter": "spec",
        "useInlineDiffs": false,
        "code": true
      },
      "version": "7.1.3"
    },
    "marge": {
      "options": {
        "charts": true,
        "overwrite": false,
        "html": false,
        "json": true,
        "reportDir": "cypress/reports/mochawesome-report"
      },
      "version": "6.2.0"
    }
  }
}